Determining if the pthread_create exist failed with the following output:
Change Dir: /home/ramlab/Documents/CommonFunction/cloudEdgeExtract/build/CMakeFiles/CMakeTmp

Run Build Command:"/usr/bin/make" "cmTC_df662/fast"
/usr/bin/make -f CMakeFiles/cmTC_df662.dir/build.make CMakeFiles/cmTC_df662.dir/build
make[1]: Entering directory '/home/ramlab/Documents/CommonFunction/cloudEdgeExtract/build/CMakeFiles/CMakeTmp'
Building C object CMakeFiles/cmTC_df662.dir/CheckSymbolExists.c.o
/usr/bin/cc    -o CMakeFiles/cmTC_df662.dir/CheckSymbolExists.c.o   -c /home/ramlab/Documents/CommonFunction/cloudEdgeExtract/build/CMakeFiles/CMakeTmp/CheckSymbolExists.c
Linking C executable cmTC_df662
/opt/cmake-3.13.0/bin/cmake -E cmake_link_script CMakeFiles/cmTC_df662.dir/link.txt --verbose=1
/usr/bin/cc      -rdynamic CMakeFiles/cmTC_df662.dir/CheckSymbolExists.c.o  -o cmTC_df662 
CMakeFiles/cmTC_df662.dir/CheckSymbolExists.c.o: In function `main':
CheckSymbolExists.c:(.text+0x16): undefined reference to `pthread_create'
collect2: error: ld returned 1 exit status
CMakeFiles/cmTC_df662.dir/build.make:86: recipe for target 'cmTC_df662' failed
make[1]: *** [cmTC_df662] Error 1
make[1]: Leaving directory '/home/ramlab/Documents/CommonFunction/cloudEdgeExtract/build/CMakeFiles/CMakeTmp'
Makefile:121: recipe for target 'cmTC_df662/fast' failed
make: *** [cmTC_df662/fast] Error 2

File /home/ramlab/Documents/CommonFunction/cloudEdgeExtract/build/CMakeFiles/CMakeTmp/CheckSymbolExists.c:
/* */
#include <pthread.h>

int main(int argc, char** argv)
{
  (void)argv;
#ifndef pthread_create
  return ((int*)(&pthread_create))[argc];
#else
  (void)argc;
  return 0;
#endif
}

Determining if the function pthread_create exists in the pthreads failed with the following output:
Change Dir: /home/ramlab/Documents/CommonFunction/cloudEdgeExtract/build/CMakeFiles/CMakeTmp

Run Build Command:"/usr/bin/make" "cmTC_e619c/fast"
/usr/bin/make -f CMakeFiles/cmTC_e619c.dir/build.make CMakeFiles/cmTC_e619c.dir/build
make[1]: Entering directory '/home/ramlab/Documents/CommonFunction/cloudEdgeExtract/build/CMakeFiles/CMakeTmp'
Building C object CMakeFiles/cmTC_e619c.dir/CheckFunctionExists.c.o
/usr/bin/cc   -DCHECK_FUNCTION_EXISTS=pthread_create   -o CMakeFiles/cmTC_e619c.dir/CheckFunctionExists.c.o   -c /opt/cmake-3.13.0/share/cmake-3.13/Modules/CheckFunctionExists.c
Linking C executable cmTC_e619c
/opt/cmake-3.13.0/bin/cmake -E cmake_link_script CMakeFiles/cmTC_e619c.dir/link.txt --verbose=1
/usr/bin/cc  -DCHECK_FUNCTION_EXISTS=pthread_create    -rdynamic CMakeFiles/cmTC_e619c.dir/CheckFunctionExists.c.o  -o cmTC_e619c -lpthreads 
/usr/bin/ld: cannot find -lpthreads
collect2: error: ld returned 1 exit status
CMakeFiles/cmTC_e619c.dir/build.make:86: recipe for target 'cmTC_e619c' failed
make[1]: *** [cmTC_e619c] Error 1
make[1]: Leaving directory '/home/ramlab/Documents/CommonFunction/cloudEdgeExtract/build/CMakeFiles/CMakeTmp'
Makefile:121: recipe for target 'cmTC_e619c/fast' failed
make: *** [cmTC_e619c/fast] Error 2


